SF:lib\data\models\country.dart
DA:17,1
DA:18,1
LF:2
LH:2
end_of_record
SF:lib\data\models\covid_country_infos.dart
DA:26,1
DA:27,1
LF:2
LH:2
end_of_record
SF:lib\data\models\covid_infos.dart
DA:25,1
DA:26,1
LF:2
LH:2
end_of_record
SF:lib\data\models\navbar_item_model.dart
DA:9,0
LF:1
LH:0
end_of_record
SF:lib\data\services\api_service\api_service_impl.dart
DA:12,2
DA:15,2
DA:16,6
DA:17,6
DA:18,2
DA:20,2
DA:21,2
DA:22,2
DA:24,1
DA:25,3
DA:26,1
DA:27,2
DA:28,1
DA:31,2
DA:37,2
DA:38,6
DA:39,4
DA:40,2
DA:42,4
DA:43,2
DA:45,2
DA:52,2
DA:53,6
DA:54,4
DA:55,4
DA:56,2
DA:58,0
LF:27
LH:26
end_of_record
SF:lib\data\services\app_utils\app_utils_impl.dart
DA:7,2
DA:8,2
DA:9,4
DA:10,1
DA:12,2
DA:14,6
DA:15,2
DA:16,8
DA:17,8
DA:18,8
DA:19,8
DA:24,0
DA:25,0
DA:26,0
DA:28,0
LF:15
LH:11
end_of_record
SF:lib\data\services\exceptions\covid_not_found.dart
DA:3,1
DA:4,0
DA:6,0
LF:3
LH:1
end_of_record
SF:lib\data\services\http_client\http_client_impl.dart
DA:9,0
DA:12,0
DA:13,0
DA:17,0
DA:19,0
LF:5
LH:0
end_of_record
SF:lib\data\services\locator.dart
DA:5,3
DA:7,0
DA:8,0
DA:9,0
DA:10,0
LF:5
LH:1
end_of_record
SF:lib\data\services\provider\coroned_data.dart
DA:12,1
DA:13,1
DA:16,1
DA:17,2
DA:18,4
DA:19,2
DA:20,3
DA:22,1
DA:23,1
DA:26,0
DA:28,0
DA:29,0
DA:31,0
DA:34,1
DA:35,5
DA:36,2
DA:37,5
DA:38,0
DA:39,0
DA:42,1
DA:43,2
DA:44,4
DA:45,5
DA:46,0
DA:47,0
DA:48,1
DA:49,2
DA:50,0
DA:51,0
DA:52,0
DA:53,0
DA:54,1
DA:57,2
DA:59,3
DA:61,2
DA:63,0
DA:65,0
DA:66,0
DA:67,0
LF:39
LH:23
end_of_record
SF:lib\shared\constants\app_globals.dart
DA:6,0
DA:93,3
DA:94,1
DA:99,1
DA:104,1
DA:109,1
DA:114,1
DA:120,1
DA:126,1
DA:132,1
DA:137,1
DA:142,1
LF:12
LH:11
end_of_record
SF:lib\shared\extensions\widget_extensions.dart
DA:6,2
DA:8,1
DA:10,1
DA:11,1
DA:12,1
LF:5
LH:5
end_of_record
SF:lib\shared\widgets\cards\coroned_card.dart
DA:10,2
DA:11,1
DA:12,1
DA:16,1
DA:17,5
DA:19,1
DA:21,1
DA:22,3
DA:23,1
DA:24,2
DA:25,1
DA:26,1
DA:27,1
DA:28,2
DA:33,1
DA:34,1
DA:35,1
DA:41,2
DA:44,1
DA:45,1
DA:46,1
DA:47,2
DA:52,1
DA:53,1
DA:54,1
DA:60,2
LF:26
LH:26
end_of_record
SF:lib\shared\widgets\cards\country_card.dart
DA:14,1
DA:18,1
DA:20,1
DA:21,1
DA:27,1
DA:29,1
DA:30,4
DA:31,3
DA:32,3
DA:33,3
DA:37,0
DA:39,0
DA:40,0
DA:41,0
DA:42,0
DA:43,0
DA:46,0
DA:49,1
DA:50,5
DA:51,0
DA:53,1
DA:55,2
DA:57,3
DA:59,1
DA:60,1
DA:62,1
DA:64,1
DA:65,1
DA:66,1
DA:67,1
DA:68,5
DA:72,0
DA:79,1
DA:84,1
DA:95,3
DA:97,1
DA:100,1
DA:101,3
DA:102,3
DA:106,1
DA:109,1
DA:110,7
DA:111,1
DA:112,1
DA:113,1
DA:114,1
DA:116,1
DA:118,3
DA:119,1
DA:121,1
DA:124,1
DA:127,1
DA:128,7
DA:129,1
DA:130,1
DA:131,1
DA:132,1
DA:134,1
DA:136,3
DA:137,1
DA:139,1
DA:142,1
DA:145,1
DA:146,7
DA:147,1
DA:148,1
DA:149,1
DA:150,1
DA:152,1
DA:154,3
DA:155,1
DA:157,1
DA:160,1
LF:73
LH:64
end_of_record
SF:lib\shared\widgets\cards\failure_card.dart
DA:9,0
DA:13,0
DA:15,0
DA:17,0
DA:18,0
DA:19,0
DA:21,0
DA:23,0
DA:24,0
DA:25,0
DA:27,0
LF:11
LH:0
end_of_record
SF:lib\shared\widgets\cards\global_card.dart
DA:11,1
DA:14,1
DA:16,1
DA:17,1
DA:23,1
DA:25,1
DA:26,4
DA:27,3
DA:28,3
DA:29,3
DA:33,0
DA:35,0
DA:36,0
DA:37,0
DA:38,0
DA:39,0
DA:42,0
DA:45,1
DA:46,5
DA:47,0
DA:49,1
DA:51,2
DA:53,3
DA:55,1
DA:56,1
DA:58,1
DA:60,1
DA:61,1
DA:63,3
DA:65,1
DA:68,1
DA:69,7
DA:70,1
DA:71,1
DA:72,1
DA:73,1
DA:75,1
DA:77,3
DA:78,1
DA:80,1
DA:83,1
DA:86,1
DA:87,7
DA:88,1
DA:89,1
DA:90,1
DA:91,1
DA:93,1
DA:95,3
DA:96,1
DA:98,1
DA:101,1
DA:104,1
DA:105,7
DA:106,1
DA:107,1
DA:108,1
DA:109,1
DA:111,1
DA:113,3
DA:114,1
DA:116,1
DA:119,1
LF:63
LH:55
end_of_record
SF:lib\shared\widgets\coroned_app_bar.dart
DA:15,1
DA:20,1
DA:23,1
DA:24,1
DA:25,0
DA:26,0
DA:27,0
DA:28,1
DA:34,1
DA:36,1
DA:37,2
DA:38,0
LF:12
LH:8
end_of_record
SF:lib\shared\widgets\failure_icon.dart
DA:9,0
DA:15,0
DA:17,0
DA:19,0
DA:20,0
DA:21,0
DA:22,0
DA:24,0
DA:25,0
DA:27,0
DA:28,0
DA:30,0
DA:33,0
DA:34,0
DA:35,0
DA:36,0
DA:37,0
DA:44,0
DA:45,0
DA:46,0
DA:47,0
DA:48,0
DA:49,0
DA:51,0
DA:52,0
LF:25
LH:0
end_of_record
SF:lib\shared\widgets\navbar_item.dart
DA:15,0
DA:23,0
DA:25,0
DA:26,0
DA:27,0
DA:28,0
DA:30,0
DA:31,0
DA:32,0
DA:34,0
DA:36,0
DA:37,0
DA:38,0
DA:39,0
DA:40,0
DA:41,0
DA:43,0
DA:44,0
DA:45,0
DA:48,0
LF:20
LH:0
end_of_record
SF:lib\shared\widgets\navigation_drawer\navigation_drawer.dart
DA:10,2
DA:12,0
DA:14,0
DA:15,0
DA:17,0
DA:18,0
DA:19,0
DA:20,0
DA:22,0
DA:24,0
DA:25,0
DA:28,0
DA:29,0
DA:30,0
DA:31,0
DA:33,0
DA:34,0
DA:35,0
DA:36,0
DA:38,0
DA:39,0
DA:40,0
DA:42,0
DA:44,0
DA:48,0
DA:49,0
DA:53,0
DA:58,0
DA:60,0
DA:61,0
DA:63,0
DA:64,0
DA:66,0
DA:68,0
DA:70,0
DA:71,0
DA:73,0
DA:74,0
DA:82,0
DA:84,0
DA:86,0
DA:87,0
DA:90,0
DA:91,0
DA:92,0
DA:93,0
DA:94,0
DA:95,0
DA:96,0
DA:97,0
LF:50
LH:1
end_of_record
SF:lib\shared\widgets\navigation_drawer\navigation_drawer_header.dart
DA:6,0
DA:8,0
DA:10,0
DA:11,0
DA:14,0
DA:15,0
DA:17,0
DA:18,0
DA:19,0
DA:21,0
DA:22,0
DA:23,0
DA:24,0
LF:13
LH:0
end_of_record
SF:lib\modules\country_module\country_module.dart
DA:7,1
DA:8,2
DA:10,0
DA:11,0
DA:13,0
DA:14,0
DA:16,0
DA:18,0
DA:20,0
DA:21,0
DA:27,0
LF:11
LH:2
end_of_record
SF:lib\modules\country_module\country_bloc.dart
DA:4,0
LF:1
LH:0
end_of_record
SF:lib\modules\country_module\pages\country_view.dart
DA:13,1
DA:14,1
DA:26,1
DA:28,1
DA:29,1
DA:30,1
DA:31,1
DA:32,2
DA:33,2
DA:34,2
DA:35,0
DA:36,0
DA:37,0
DA:38,0
DA:39,0
DA:40,0
DA:42,2
DA:43,0
DA:46,0
DA:49,0
DA:50,0
DA:52,0
DA:53,0
DA:54,0
DA:56,0
DA:58,0
DA:59,0
DA:60,0
DA:63,0
DA:73,1
DA:75,2
DA:76,2
DA:77,1
DA:80,1
DA:82,2
DA:83,2
DA:84,1
DA:85,1
DA:86,1
DA:87,4
DA:88,4
DA:89,3
DA:91,1
DA:92,1
DA:93,2
DA:94,1
DA:95,1
DA:96,1
DA:98,3
DA:99,2
DA:100,1
DA:101,1
DA:102,1
DA:103,1
DA:104,1
DA:106,1
DA:110,0
DA:111,0
DA:113,0
DA:115,1
DA:116,3
DA:118,0
DA:119,0
DA:120,0
DA:121,0
DA:122,0
DA:123,0
DA:124,0
DA:126,1
DA:130,1
DA:131,3
DA:132,1
DA:134,3
DA:135,1
DA:141,1
DA:144,1
DA:146,1
DA:147,0
DA:148,0
DA:149,0
DA:150,0
DA:151,0
DA:152,0
DA:154,1
DA:156,1
DA:159,1
DA:160,1
DA:163,1
DA:164,1
DA:165,5
DA:171,1
DA:172,1
DA:179,1
DA:185,1
DA:197,5
DA:199,1
DA:202,1
DA:204,1
DA:205,6
DA:206,1
DA:213,1
DA:219,0
DA:220,0
DA:226,2
DA:227,5
DA:228,0
DA:229,5
DA:230,5
DA:231,0
DA:232,5
DA:233,5
DA:236,1
DA:237,5
DA:238,4
DA:239,2
DA:240,1
DA:241,1
DA:242,2
DA:243,4
DA:244,0
DA:245,0
DA:246,0
DA:247,0
DA:248,0
DA:249,0
DA:252,1
DA:253,5
DA:254,4
DA:255,0
DA:257,0
DA:258,0
DA:259,0
DA:262,0
DA:263,0
DA:264,0
LF:135
LH:84
end_of_record
SF:lib\modules\country_module\pages\details_page.dart
DA:16,2
DA:18,1
DA:19,1
DA:23,1
DA:25,1
DA:26,1
DA:27,1
DA:28,4
DA:29,4
DA:30,3
DA:32,1
DA:33,0
DA:34,1
DA:35,1
DA:37,1
DA:38,1
DA:39,1
DA:40,1
DA:41,1
DA:42,3
DA:43,1
DA:44,1
DA:45,0
DA:46,0
DA:50,0
DA:52,0
DA:54,1
DA:55,3
DA:57,3
DA:58,1
DA:59,2
DA:60,2
DA:61,2
DA:62,2
DA:64,1
DA:65,2
DA:66,2
DA:67,2
DA:68,2
DA:69,0
DA:70,0
DA:71,0
DA:72,0
DA:73,0
DA:74,1
DA:79,1
DA:80,2
DA:81,0
DA:83,2
LF:49
LH:38
end_of_record
SF:lib\modules\main_module\pages\covid_faq.dart
DA:7,1
DA:8,1
DA:14,1
DA:16,1
DA:17,1
DA:18,4
DA:19,4
DA:20,3
DA:22,1
DA:23,1
DA:24,1
DA:26,2
DA:28,2
DA:30,1
DA:31,1
DA:32,4
DA:33,1
DA:34,1
DA:35,1
DA:36,1
DA:38,1
DA:40,1
DA:41,4
DA:42,1
DA:43,1
DA:44,1
DA:45,1
LF:27
LH:27
end_of_record
SF:lib\modules\main_module\pages\dashboard.dart
DA:14,1
DA:17,1
DA:18,1
DA:19,1
DA:25,1
DA:27,1
DA:28,2
DA:29,1
DA:32,1
DA:34,1
DA:35,1
DA:36,4
DA:37,4
DA:38,3
DA:40,1
DA:41,1
DA:42,1
DA:44,1
DA:45,1
DA:47,1
DA:48,2
DA:49,1
DA:50,1
DA:51,1
DA:52,3
DA:55,1
DA:56,0
DA:58,2
DA:59,1
DA:60,1
DA:63,0
DA:64,0
DA:66,0
DA:67,0
DA:79,1
DA:80,1
DA:81,1
DA:82,1
DA:83,4
DA:84,1
LF:40
LH:35
end_of_record
