SF:lib\modules\country_module\country_module.dart
DA:6,1
DA:7,1
DA:9,0
DA:10,0
DA:12,0
DA:13,0
DA:15,0
DA:17,0
DA:19,0
DA:20,0
DA:26,0
LF:11
LH:2
end_of_record
SF:lib\modules\country_module\pages\country_view.dart
DA:23,1
DA:24,1
DA:33,1
DA:35,1
DA:36,1
DA:37,2
DA:38,1
DA:41,2
DA:42,3
DA:43,2
DA:44,3
DA:45,2
DA:47,2
DA:48,3
DA:49,2
DA:54,1
DA:56,2
DA:57,2
DA:58,1
DA:61,1
DA:63,1
DA:64,1
DA:65,1
DA:66,1
DA:67,3
DA:69,1
DA:70,2
DA:71,1
DA:72,2
DA:74,1
DA:75,0
DA:76,0
DA:77,0
DA:79,0
DA:82,0
DA:86,0
DA:87,0
DA:89,0
DA:92,0
DA:97,0
DA:99,0
DA:104,2
DA:106,3
DA:107,2
DA:108,2
DA:110,1
DA:111,2
DA:112,1
DA:113,1
DA:114,1
DA:116,3
DA:117,2
DA:118,1
DA:119,1
DA:120,1
DA:121,1
DA:122,1
DA:123,1
DA:125,1
DA:129,0
DA:130,0
DA:131,0
DA:133,0
DA:135,1
DA:136,3
DA:138,0
DA:139,0
DA:140,0
DA:141,0
DA:142,0
DA:143,0
DA:144,0
DA:145,0
DA:147,1
DA:151,1
DA:152,1
DA:153,1
DA:154,3
DA:155,1
DA:156,2
DA:158,3
DA:159,1
DA:164,1
DA:167,1
DA:169,1
DA:170,0
DA:171,0
DA:172,0
DA:173,0
DA:174,0
DA:175,0
DA:176,0
DA:177,0
DA:179,1
DA:181,1
DA:183,1
DA:184,1
DA:187,1
DA:188,1
DA:189,5
DA:195,1
DA:196,1
DA:203,1
DA:209,1
DA:221,5
DA:223,1
DA:226,1
DA:228,1
DA:229,8
DA:230,1
DA:237,1
DA:243,0
DA:251,2
DA:252,2
DA:253,0
DA:254,5
DA:255,2
DA:256,0
DA:257,5
DA:258,2
DA:261,1
DA:262,2
DA:263,4
DA:264,2
DA:265,1
DA:266,1
DA:267,2
DA:268,4
DA:269,0
DA:270,0
DA:271,0
DA:272,0
DA:273,0
DA:274,0
DA:277,3
DA:278,4
DA:279,0
DA:281,1
DA:282,1
DA:283,3
DA:285,1
DA:286,4
DA:289,4
DA:293,1
DA:294,1
DA:301,0
DA:302,0
DA:303,0
DA:304,0
DA:305,0
DA:306,0
DA:307,0
DA:308,0
LF:153
LH:104
end_of_record
SF:lib\modules\country_module\pages\details_page.dart
DA:20,2
DA:22,1
DA:23,1
DA:27,1
DA:29,1
DA:30,1
DA:31,1
DA:32,1
DA:33,3
DA:35,2
DA:36,1
DA:37,0
DA:39,2
DA:40,1
DA:41,1
DA:43,1
DA:44,1
DA:45,1
DA:46,1
DA:47,1
DA:48,3
DA:49,1
DA:50,1
DA:51,0
DA:52,0
DA:53,0
DA:56,0
DA:59,0
DA:60,0
DA:63,0
DA:66,0
DA:67,0
DA:70,0
DA:74,0
DA:78,1
DA:80,3
DA:81,1
DA:82,2
DA:83,2
DA:84,2
DA:85,2
DA:87,1
DA:88,2
DA:89,2
DA:90,2
DA:91,2
DA:92,0
DA:93,0
DA:94,0
DA:95,0
DA:96,0
DA:97,1
DA:102,1
DA:103,2
DA:104,0
DA:106,2
LF:56
LH:38
end_of_record
SF:lib\modules\main_module\main_module.dart
DA:14,1
DA:15,1
DA:16,1
DA:19,0
DA:20,0
DA:22,0
DA:23,0
DA:25,0
DA:27,0
DA:29,0
DA:32,0
DA:34,0
DA:36,0
DA:38,0
DA:41,0
DA:52,0
DA:53,0
DA:55,0
LF:18
LH:3
end_of_record
SF:lib\modules\main_module\main_widget.dart
DA:14,0
DA:16,0
DA:18,0
DA:21,0
DA:23,0
DA:24,0
DA:35,0
DA:36,0
DA:41,0
DA:46,0
LF:10
LH:0
end_of_record
SF:lib\modules\main_module\pages\covid_faq.dart
DA:12,1
DA:13,1
DA:19,1
DA:21,1
DA:24,1
DA:26,1
DA:27,1
DA:28,1
DA:29,1
DA:30,3
DA:32,1
DA:33,2
DA:34,1
DA:35,2
DA:36,1
DA:37,1
DA:39,2
DA:41,2
DA:43,1
DA:45,1
DA:46,4
DA:47,1
DA:48,1
DA:49,1
DA:50,1
DA:52,1
DA:54,1
DA:55,4
DA:56,1
DA:57,1
DA:58,1
DA:59,1
DA:70,1
DA:71,1
DA:72,1
DA:73,2
DA:74,2
DA:76,1
DA:77,2
DA:78,2
DA:80,1
DA:81,2
DA:82,2
DA:84,1
DA:85,2
DA:86,2
DA:88,1
DA:89,2
DA:90,2
DA:92,1
DA:93,2
DA:94,2
DA:96,1
DA:97,2
DA:98,2
DA:100,1
DA:101,2
DA:102,2
DA:104,1
DA:105,2
DA:106,2
LF:61
LH:61
end_of_record
SF:lib\modules\main_module\pages\dashboard.dart
DA:20,1
DA:23,1
DA:25,1
DA:27,1
DA:28,1
DA:29,1
DA:30,1
DA:31,3
DA:33,1
DA:34,1
DA:35,1
DA:36,1
DA:37,0
DA:39,1
DA:40,0
DA:41,0
DA:42,0
DA:44,0
DA:47,0
DA:51,0
DA:52,0
DA:54,0
DA:57,0
DA:62,0
DA:64,0
DA:69,1
DA:70,1
DA:72,1
DA:73,1
DA:77,1
DA:78,1
LF:31
LH:19
end_of_record
SF:lib\modules\main_module\pages\about_page.dart
DA:38,1
DA:44,1
DA:74,1
DA:75,1
DA:82,1
DA:84,1
DA:85,2
DA:86,2
DA:87,0
DA:88,0
DA:89,0
DA:91,0
DA:92,0
DA:93,0
DA:96,2
DA:97,1
DA:98,0
DA:99,1
DA:102,1
DA:104,2
DA:105,2
DA:106,1
DA:109,0
DA:110,0
DA:111,0
DA:113,0
DA:114,0
DA:117,0
DA:121,0
DA:122,0
DA:128,1
DA:129,1
DA:130,1
DA:131,1
DA:132,2
DA:133,1
DA:135,1
DA:136,2
DA:137,0
DA:140,0
DA:141,0
DA:142,0
DA:144,0
DA:146,0
DA:147,0
DA:151,0
DA:154,0
DA:155,0
DA:162,0
DA:165,0
DA:166,0
DA:171,0
DA:172,0
DA:173,0
DA:175,0
DA:176,0
DA:182,0
DA:183,0
DA:184,0
DA:185,0
DA:186,0
DA:192,2
DA:193,1
DA:195,1
DA:196,2
DA:197,1
DA:199,1
DA:202,1
DA:204,1
DA:205,2
DA:206,2
DA:207,2
DA:208,1
DA:209,1
DA:210,1
DA:211,1
DA:212,1
DA:213,3
DA:215,2
DA:216,1
DA:217,0
DA:219,1
DA:220,2
DA:221,2
DA:222,2
DA:223,2
DA:224,2
DA:226,1
DA:227,3
DA:228,1
DA:230,1
DA:231,1
DA:232,1
DA:236,1
DA:237,1
DA:238,3
DA:241,1
DA:243,1
DA:244,2
DA:246,1
DA:247,3
DA:249,1
DA:250,3
DA:252,1
DA:253,1
DA:255,1
DA:256,2
DA:257,3
DA:258,1
DA:259,1
DA:260,4
DA:261,1
DA:262,1
DA:263,1
DA:264,1
DA:267,1
DA:269,1
DA:270,3
DA:276,1
DA:278,3
DA:282,1
DA:283,1
DA:284,2
DA:285,4
DA:288,2
DA:289,4
DA:295,1
DA:296,1
DA:297,1
DA:298,3
DA:300,1
DA:301,1
DA:302,1
DA:303,1
LF:134
LH:95
end_of_record
SF:lib\data\models\country.dart
DA:18,2
DA:19,2
LF:2
LH:2
end_of_record
SF:lib\data\models\covid_country_infos.dart
DA:33,1
DA:34,1
LF:2
LH:2
end_of_record
SF:lib\data\models\covid_infos.g.dart
DA:10,2
DA:11,2
DA:12,2
DA:13,2
DA:14,2
DA:15,2
DA:16,2
DA:17,2
DA:18,2
DA:19,2
DA:20,2
DA:21,4
DA:22,4
DA:23,2
DA:24,4
DA:25,2
DA:26,4
DA:27,4
DA:28,4
DA:29,2
DA:33,2
DA:34,2
DA:35,2
DA:36,2
DA:37,2
DA:38,2
DA:39,2
DA:40,2
DA:41,2
DA:42,2
DA:43,2
DA:44,2
DA:45,2
DA:46,2
DA:47,2
DA:48,2
DA:49,2
DA:50,2
DA:51,2
DA:52,2
LF:40
LH:40
end_of_record
SF:lib\data\models\covid_infos.freezed.dart
DA:10,0
DA:11,2
DA:12,2
DA:16,0
DA:18,0
DA:37,0
DA:131,0
DA:137,0
DA:158,0
DA:159,0
DA:160,0
DA:161,0
DA:162,0
DA:164,0
DA:165,0
DA:166,0
DA:167,0
DA:169,0
DA:170,0
DA:171,0
DA:172,0
DA:174,0
DA:175,0
DA:177,0
DA:178,0
DA:179,0
DA:181,0
DA:182,0
DA:183,0
DA:185,0
DA:186,0
DA:188,0
DA:189,0
DA:191,0
DA:192,0
DA:226,0
DA:228,0
DA:230,0
DA:231,0
DA:233,0
DA:254,0
DA:255,0
DA:256,0
DA:257,0
DA:258,0
DA:259,0
DA:260,0
DA:261,0
DA:262,0
DA:263,0
DA:264,0
DA:265,0
DA:267,0
DA:268,0
DA:270,0
DA:271,0
DA:272,0
DA:274,0
DA:275,0
DA:276,0
DA:278,0
DA:279,0
DA:281,0
DA:282,0
DA:284,0
DA:285,0
DA:293,2
DA:312,0
DA:313,0
DA:314,0
DA:315,0
DA:316,0
DA:317,0
DA:318,0
DA:319,0
DA:320,0
DA:321,0
DA:322,0
DA:323,0
DA:324,0
DA:325,0
DA:326,0
DA:327,0
DA:328,0
DA:329,0
DA:331,2
DA:332,2
DA:389,0
DA:391,0
DA:394,0
DA:397,0
DA:398,0
DA:399,0
DA:400,0
DA:401,0
DA:402,0
DA:404,0
DA:405,0
DA:406,0
DA:407,0
DA:409,0
DA:410,0
DA:412,0
DA:413,0
DA:415,0
DA:416,0
DA:417,0
DA:418,0
DA:420,0
DA:421,0
DA:423,0
DA:424,0
DA:426,0
DA:427,0
DA:428,0
DA:429,0
DA:431,0
DA:432,0
DA:434,0
DA:435,0
DA:437,0
DA:438,0
DA:439,0
DA:440,0
DA:441,0
DA:442,0
DA:443,0
DA:444,0
DA:446,0
DA:449,0
DA:451,0
DA:452,0
DA:453,0
DA:454,0
DA:455,0
DA:456,0
DA:457,0
DA:458,0
DA:459,0
DA:460,0
DA:461,0
DA:462,0
DA:463,0
DA:464,0
DA:465,0
DA:466,0
DA:467,0
DA:468,0
DA:469,0
DA:471,0
DA:473,0
DA:475,2
DA:477,2
LF:153
LH:7
end_of_record
SF:lib\data\models\covid_infos.dart
DA:31,2
DA:32,2
LF:2
LH:2
end_of_record
SF:lib\data\models\navbar_item_model.dart
DA:9,0
LF:1
LH:0
end_of_record
SF:lib\data\services\api_service\api_service_impl.dart
DA:14,2
DA:17,2
DA:18,6
DA:19,6
DA:20,2
DA:22,2
DA:23,2
DA:24,2
DA:26,1
DA:27,3
DA:28,1
DA:29,2
DA:30,1
DA:33,2
DA:39,2
DA:40,6
DA:41,4
DA:42,2
DA:44,4
DA:45,2
DA:47,2
DA:54,2
DA:55,6
DA:56,4
DA:57,4
DA:58,2
DA:60,0
LF:27
LH:26
end_of_record
SF:lib\data\services\app_utils\app_utils_impl.dart
DA:8,2
DA:9,2
DA:10,4
DA:11,2
DA:13,2
DA:20,6
DA:21,2
DA:22,4
DA:23,8
DA:24,8
DA:25,8
DA:30,0
DA:31,0
DA:32,0
DA:34,0
LF:15
LH:11
end_of_record
SF:lib\data\services\exceptions\api_exception.dart
DA:3,0
LF:1
LH:0
end_of_record
SF:lib\data\services\exceptions\api_unreached.dart
DA:3,1
LF:1
LH:1
end_of_record
SF:lib\data\services\exceptions\covid_not_found.dart
DA:3,1
LF:1
LH:1
end_of_record
SF:lib\data\services\http_client\http_client_impl.dart
DA:15,0
DA:18,0
DA:19,0
DA:23,0
DA:25,0
DA:26,0
DA:29,0
LF:7
LH:0
end_of_record
SF:lib\data\services\locator.dart
DA:5,6
DA:7,0
DA:8,0
DA:9,0
DA:10,0
LF:5
LH:1
end_of_record
SF:lib\l10n\messages_all.dart
DA:22,6
DA:23,4
DA:24,0
DA:27,2
DA:29,2
DA:30,2
DA:31,0
DA:32,0
DA:39,2
DA:40,2
DA:42,6
DA:43,0
DA:45,0
DA:47,4
DA:48,4
DA:49,6
DA:50,4
DA:51,2
DA:54,2
DA:56,2
DA:62,2
DA:63,2
DA:64,0
DA:66,2
LF:24
LH:18
end_of_record
SF:lib\l10n\messages_fr-FR.dart
DA:15,6
DA:20,0
DA:23,4
DA:24,2
DA:25,2
DA:26,2
DA:27,2
DA:28,2
DA:29,2
DA:30,2
DA:31,2
DA:32,2
DA:33,2
DA:34,2
DA:35,2
DA:36,2
DA:37,2
DA:38,2
DA:39,2
DA:40,2
DA:41,2
DA:42,2
DA:43,2
DA:44,2
DA:45,2
DA:46,2
DA:47,2
DA:48,2
DA:49,2
DA:50,2
DA:51,2
DA:52,2
LF:32
LH:31
end_of_record
SF:lib\l10n\messages_en-EN.dart
DA:15,0
DA:20,0
DA:23,0
DA:24,0
DA:25,0
DA:26,0
DA:27,0
DA:28,0
DA:29,0
DA:30,0
DA:31,0
DA:32,0
DA:33,0
DA:34,0
DA:35,0
DA:36,0
DA:37,0
DA:38,0
DA:39,0
DA:40,0
DA:41,0
DA:42,0
DA:43,0
DA:44,0
DA:45,0
DA:46,0
DA:47,0
DA:48,0
DA:49,0
DA:50,0
DA:51,0
DA:52,0
LF:32
LH:0
end_of_record
SF:lib\modules\main_module\blocs\coroned_data.dart
DA:24,2
DA:27,2
DA:29,2
DA:32,2
DA:33,2
DA:34,6
DA:35,2
DA:37,4
DA:39,0
DA:41,2
DA:43,4
DA:45,0
DA:47,2
DA:48,2
DA:51,2
DA:52,8
DA:53,4
DA:54,4
DA:55,4
DA:59,2
DA:61,8
DA:62,6
DA:65,2
DA:67,4
DA:68,2
DA:71,4
DA:72,4
DA:75,2
DA:76,4
DA:77,8
DA:79,8
DA:80,8
DA:81,10
DA:82,0
DA:83,0
DA:86,2
DA:87,4
DA:88,12
DA:89,8
DA:90,2
DA:91,4
DA:92,0
DA:93,0
DA:94,2
DA:95,4
DA:96,2
DA:99,4
DA:101,1
DA:102,2
DA:103,1
DA:104,1
DA:107,1
DA:109,1
DA:110,3
DA:111,1
DA:112,1
DA:115,2
DA:117,0
DA:118,0
DA:119,0
DA:122,4
DA:124,0
DA:125,0
DA:126,0
DA:127,0
DA:128,0
DA:131,4
DA:133,6
DA:135,4
DA:137,0
DA:139,0
DA:140,0
DA:141,0
DA:144,0
DA:146,2
DA:148,2
DA:150,2
DA:152,2
LF:78
LH:59
end_of_record
SF:lib\shared\constants\app_globals.dart
DA:8,0
DA:81,1
DA:82,1
DA:83,2
DA:84,1
DA:85,2
DA:86,2
DA:87,1
DA:90,1
DA:91,3
DA:92,1
DA:93,1
DA:94,1
DA:97,1
DA:99,1
LF:15
LH:14
end_of_record
SF:lib\shared\extensions\context_extensions.dart
DA:5,5
DA:6,9
DA:7,0
LF:3
LH:2
end_of_record
SF:lib\shared\extensions\widget_extensions.dart
DA:6,2
DA:8,1
DA:10,1
DA:11,1
DA:12,1
LF:5
LH:5
end_of_record
SF:lib\shared\localization_delegates\text_translations_delegate.dart
DA:9,2
DA:10,6
DA:11,0
DA:12,2
DA:13,2
DA:15,6
DA:16,2
DA:17,2
DA:22,0
DA:23,0
DA:31,2
DA:32,2
DA:33,2
DA:34,2
DA:35,0
DA:36,1
DA:37,1
DA:38,2
DA:39,2
DA:40,2
DA:41,2
DA:42,2
DA:43,2
DA:44,2
DA:45,2
DA:46,2
DA:47,2
DA:48,2
DA:49,2
DA:50,2
DA:51,2
DA:52,2
DA:53,2
DA:54,2
DA:55,2
DA:56,2
DA:57,2
DA:58,2
DA:59,2
DA:60,2
DA:65,0
DA:69,0
DA:70,0
DA:73,0
DA:74,0
DA:77,0
LF:46
LH:36
end_of_record
SF:lib\shared\localization_delegates\tooltip_delegates.dart
DA:8,0
DA:9,0
DA:11,0
DA:17,0
DA:18,0
DA:20,0
DA:23,0
DA:25,0
LF:8
LH:0
end_of_record
SF:lib\shared\widgets\cards\coroned_card.dart
DA:11,2
DA:12,1
DA:13,1
DA:17,1
DA:18,5
DA:20,1
DA:22,1
DA:23,3
DA:24,1
DA:25,2
DA:26,1
DA:27,1
DA:28,1
DA:29,2
DA:34,1
DA:35,1
DA:36,1
DA:42,2
DA:45,1
DA:46,1
DA:47,1
DA:48,2
DA:53,1
DA:54,1
DA:55,1
DA:61,2
LF:26
LH:26
end_of_record
SF:lib\shared\widgets\cards\country_card.dart
DA:20,1
DA:24,1
DA:26,1
DA:27,1
DA:33,1
DA:35,1
DA:36,4
DA:37,3
DA:38,3
DA:39,3
DA:40,3
DA:44,0
DA:46,0
DA:47,0
DA:48,0
DA:49,0
DA:50,0
DA:51,0
DA:54,0
DA:57,1
DA:58,5
DA:59,0
DA:61,1
DA:63,2
DA:65,3
DA:66,1
DA:67,1
DA:68,1
DA:70,1
DA:72,1
DA:73,1
DA:76,1
DA:77,1
DA:78,5
DA:82,2
DA:89,1
DA:94,1
DA:105,3
DA:107,1
DA:110,1
DA:111,3
DA:112,2
DA:113,0
DA:114,0
DA:115,0
DA:116,0
DA:117,3
DA:121,1
DA:122,1
DA:123,1
DA:127,1
DA:130,1
DA:131,7
DA:132,1
DA:133,1
DA:134,1
DA:135,1
DA:139,1
DA:142,2
DA:144,6
DA:145,1
DA:146,1
DA:147,1
DA:148,1
DA:150,1
DA:153,1
DA:154,1
DA:155,2
DA:156,3
DA:157,6
DA:158,1
DA:159,1
DA:160,1
DA:161,1
DA:163,1
DA:165,4
DA:170,1
DA:175,1
DA:176,7
DA:177,4
DA:184,1
DA:186,3
DA:187,1
DA:189,1
DA:192,1
DA:195,1
DA:196,1
DA:197,2
DA:198,3
DA:199,6
DA:200,1
DA:201,1
DA:202,1
DA:203,1
DA:205,1
DA:207,4
DA:212,1
DA:217,1
DA:218,7
DA:219,4
DA:226,1
DA:228,3
DA:229,1
DA:231,1
DA:234,1
DA:237,1
DA:238,1
DA:239,2
DA:240,3
DA:241,6
DA:242,1
DA:243,1
DA:244,1
DA:245,1
DA:247,1
DA:249,4
DA:254,1
DA:259,1
DA:260,7
DA:261,4
DA:268,1
DA:270,3
DA:271,1
DA:273,1
DA:276,1
LF:125
LH:112
end_of_record
SF:lib\shared\widgets\cards\failure_card.dart
DA:11,0
DA:15,0
DA:17,0
DA:19,0
DA:20,0
DA:22,0
DA:23,0
DA:25,0
LF:8
LH:0
end_of_record
SF:lib\shared\widgets\cards\global_card.dart
DA:19,1
DA:22,1
DA:24,1
DA:25,1
DA:31,1
DA:33,1
DA:34,4
DA:35,3
DA:36,3
DA:37,3
DA:38,3
DA:42,0
DA:44,0
DA:45,0
DA:46,0
DA:47,0
DA:48,0
DA:49,0
DA:52,0
DA:55,1
DA:56,5
DA:57,0
DA:59,1
DA:61,2
DA:63,3
DA:64,1
DA:65,1
DA:66,1
DA:68,1
DA:70,1
DA:71,1
DA:72,2
DA:73,2
DA:74,0
DA:75,0
DA:76,0
DA:77,0
DA:78,3
DA:80,1
DA:81,1
DA:82,1
DA:86,1
DA:89,1
DA:90,7
DA:91,1
DA:92,1
DA:93,1
DA:94,1
DA:98,1
DA:101,2
DA:103,6
DA:104,1
DA:105,1
DA:106,1
DA:107,1
DA:109,1
DA:112,1
DA:113,1
DA:114,2
DA:115,3
DA:116,6
DA:117,1
DA:118,1
DA:119,1
DA:120,1
DA:122,1
DA:124,4
DA:129,1
DA:134,1
DA:135,7
DA:136,4
DA:143,1
DA:145,3
DA:146,1
DA:148,1
DA:151,1
DA:154,1
DA:155,1
DA:156,2
DA:157,3
DA:158,6
DA:159,1
DA:160,1
DA:161,1
DA:162,1
DA:164,1
DA:166,4
DA:171,1
DA:176,1
DA:177,7
DA:178,4
DA:185,1
DA:187,3
DA:188,1
DA:190,1
DA:193,1
DA:196,1
DA:197,1
DA:198,2
DA:199,3
DA:200,6
DA:201,1
DA:202,1
DA:203,1
DA:204,1
DA:206,1
DA:208,4
DA:213,1
DA:218,1
DA:219,7
DA:220,4
DA:227,1
DA:229,3
DA:230,1
DA:232,1
DA:235,1
LF:116
LH:103
end_of_record
SF:lib\shared\widgets\coroned_app_bar.dart
DA:13,1
DA:18,1
DA:21,1
DA:22,1
DA:23,0
DA:24,0
DA:25,1
DA:31,1
DA:33,1
DA:34,2
DA:35,0
LF:11
LH:8
end_of_record
SF:lib\shared\widgets\failure_icon.dart
DA:9,0
DA:15,0
DA:17,0
DA:19,0
DA:20,0
DA:21,0
DA:22,0
DA:24,0
DA:25,0
DA:27,0
DA:28,0
DA:30,0
DA:33,0
DA:34,0
DA:35,0
DA:36,0
DA:37,0
DA:44,0
DA:45,0
DA:46,0
DA:47,0
DA:48,0
DA:49,0
DA:51,0
DA:52,0
LF:25
LH:0
end_of_record
SF:lib\shared\widgets\navbar_item.dart
DA:18,0
DA:26,0
DA:28,0
DA:29,0
DA:30,0
DA:31,0
DA:33,0
DA:34,0
DA:35,0
DA:36,0
DA:37,0
DA:38,0
DA:39,0
DA:42,0
DA:44,0
DA:45,0
DA:46,0
DA:47,0
DA:48,0
DA:49,0
DA:50,0
DA:51,0
DA:52,0
DA:53,0
DA:55,0
DA:56,0
DA:57,0
DA:60,0
LF:28
LH:0
end_of_record
SF:lib\shared\widgets\navigation_drawer\navigation_drawer.dart
DA:15,2
DA:17,0
DA:19,0
DA:20,0
DA:22,0
DA:23,0
DA:24,0
DA:25,0
DA:27,0
DA:29,0
DA:30,0
DA:33,0
DA:34,0
DA:35,0
DA:36,0
DA:37,0
DA:38,0
DA:40,0
DA:41,0
DA:42,0
DA:43,0
DA:45,0
DA:46,0
DA:47,0
DA:49,0
DA:51,0
DA:55,0
DA:56,0
DA:60,0
DA:64,0
DA:66,0
DA:67,0
DA:69,0
DA:70,0
DA:72,0
DA:73,0
DA:82,0
DA:84,0
DA:86,0
DA:87,0
DA:90,0
DA:91,0
DA:92,0
DA:93,0
DA:94,0
DA:95,0
DA:96,0
DA:97,0
DA:98,0
DA:99,0
DA:100,0
DA:111,0
DA:112,0
DA:113,0
DA:118,0
DA:123,0
DA:128,0
DA:129,0
LF:58
LH:1
end_of_record
SF:lib\shared\widgets\navigation_drawer\navigation_drawer_header.dart
DA:13,0
DA:14,0
DA:16,0
DA:17,0
DA:18,0
DA:21,0
DA:22,0
DA:23,0
DA:25,0
DA:26,0
DA:29,0
DA:30,0
DA:31,0
DA:32,0
DA:33,0
DA:34,0
DA:35,0
DA:36,0
DA:39,0
DA:40,0
DA:43,0
DA:44,0
DA:45,0
DA:47,0
DA:48,0
DA:49,0
DA:51,0
DA:52,0
DA:53,0
DA:54,0
DA:66,0
DA:67,0
DA:68,0
DA:69,0
DA:70,0
DA:75,0
DA:76,0
DA:77,0
DA:78,0
DA:84,0
LF:40
LH:0
end_of_record
